e:\opengl\myproject\opengl\x64\debug\vc143.pdb
e:\opengl\myproject\opengl\x64\debug\vc143.idb
e:\opengl\myproject\opengl\x64\debug\vbo.obj
e:\opengl\myproject\opengl\x64\debug\vao.obj
e:\opengl\myproject\opengl\x64\debug\texture.obj
e:\opengl\myproject\opengl\x64\debug\stb.obj
e:\opengl\myproject\opengl\x64\debug\shaderclass.obj
e:\opengl\myproject\opengl\x64\debug\model.obj
e:\opengl\myproject\opengl\x64\debug\mesh.obj
e:\opengl\myproject\opengl\x64\debug\main.obj
e:\opengl\myproject\opengl\x64\debug\ebo.obj
e:\opengl\myproject\opengl\x64\debug\camera.obj
e:\opengl\myproject\opengl\x64\debug\glad.obj
e:\opengl\myproject\opengl\x64\debug\opengl.exe
e:\opengl\myproject\opengl\x64\debug\opengl.ilk
e:\opengl\myproject\opengl\x64\debug\opengl.pdb
e:\opengl\myproject\opengl\x64\debug\main.obj.enc
e:\opengl\myproject\opengl\x64\debug\opengl.tlog\cl.command.1.tlog
e:\opengl\myproject\opengl\x64\debug\opengl.tlog\cl.read.1.tlog
e:\opengl\myproject\opengl\x64\debug\opengl.tlog\cl.write.1.tlog
e:\opengl\myproject\opengl\x64\debug\opengl.tlog\link.command.1.tlog
e:\opengl\myproject\opengl\x64\debug\opengl.tlog\link.read.1.tlog
e:\opengl\myproject\opengl\x64\debug\opengl.tlog\link.write.1.tlog
